<?xml version="1.0" encoding="UTF-8"?>
<testng-results skipped="0" failed="0" total="1" passed="1">
  <reporter-output>
  </reporter-output>
  <suite name="Default suite" duration-ms="16934" started-at="2023-05-02T15:17:22Z" finished-at="2023-05-02T15:17:39Z">
    <groups>
    </groups>
    <test name="Default test" duration-ms="16934" started-at="2023-05-02T15:17:22Z" finished-at="2023-05-02T15:17:39Z">
      <class name="com.testpack.Test2">
        <test-method status="PASS" signature="test1()[pri:0, instance:com.testpack.Test2@3aa9e816]" name="test1" duration-ms="16910" started-at="2023-05-02T20:47:22Z" finished-at="2023-05-02T20:47:39Z">
          <reporter-output>
          </reporter-output>
        </test-method> <!-- test1 -->
      </class> <!-- com.testpack.Test2 -->
    </test> <!-- Default test -->
  </suite> <!-- Default suite -->
</testng-results>
