<?xml version="1.0" encoding="UTF-8"?>
<testng-results skipped="0" failed="0" total="1" passed="1">
  <reporter-output>
    <line>
      <![CDATA[We are in Electricals page]]>
    </line>
  </reporter-output>
  <suite name="Default suite" duration-ms="26198" started-at="2023-05-05T04:35:35Z" finished-at="2023-05-05T04:36:01Z">
    <groups>
    </groups>
    <test name="Default test" duration-ms="26198" started-at="2023-05-05T04:35:35Z" finished-at="2023-05-05T04:36:01Z">
      <class name="com.testpack.Test1">
        <test-method status="PASS" signature="searchProTest()[pri:0, instance:com.testpack.Test1@48974e45]" name="searchProTest" duration-ms="26172" started-at="2023-05-05T10:05:35Z" finished-at="2023-05-05T10:06:01Z">
          <reporter-output>
            <line>
              <![CDATA[We are in Electricals page]]>
            </line>
          </reporter-output>
        </test-method> <!-- searchProTest -->
        <test-method status="PASS" signature="tearDown(org.testng.ITestResult)[pri:0, instance:com.testpack.Test1@48974e45]" name="tearDown" is-config="true" duration-ms="2" started-at="2023-05-05T10:06:01Z" finished-at="2023-05-05T10:06:01Z">
          <params>
            <param index="0">
              <value>
                <![CDATA[[TestResult name=searchProTest status=SUCCESS method=Test1.searchProTest()[pri:0, instance:com.testpack.Test1@48974e45] output=We are in Electricals page]]]>
              </value>
            </param>
          </params>
          <reporter-output>
          </reporter-output>
        </test-method> <!-- tearDown -->
      </class> <!-- com.testpack.Test1 -->
    </test> <!-- Default test -->
  </suite> <!-- Default suite -->
</testng-results>
